<?xml version="1.0" encoding="UTF-8"?>
<testsuite name="test" tests="1" skipped="0" failures="0" errors="0" timestamp="2015-06-16T19:11:38" hostname="Teja" time="3.122">
  <properties/>
  <testcase name="myStringTest" classname="test" time="3.122"/>
  <system-out><![CDATA[]]></system-out>
  <system-err><![CDATA[WARNING: no system properties value for ro.build.date.utc
]]></system-err>
</testsuite>
